<?xml version="1.0" encoding="UTF-8"?>
<!-- Generated by org.testng.reporters.JUnitReportReporter -->
<testsuite hostname="IBM-PF33EFGQ" failures="0" tests="2" name="cucumber.TestNgTestRunner" time="24.622" errors="0" timestamp="2024-01-15T12:37:11 IST" skipped="0">
  <testcase classname="cucumber.TestNgTestRunner" name="runScenario" time="19.760"/>
  <testcase classname="cucumber.TestNgTestRunner" name="runScenario" time="4.862"/>
</testsuite> <!-- cucumber.TestNgTestRunner -->
