<?xml version="1.0" encoding="UTF-8"?>
<!-- Generated by org.testng.reporters.JUnitReportReporter -->
<testsuite hostname="IBM-PF33EFGQ" failures="0" tests="1" name="pageObject.ErrorScenarios" time="2.854" errors="0" timestamp="2023-11-12T00:57:40 IST" skipped="0">
  <testcase classname="pageObject.ErrorScenarios" name="submitOrderToValidateError" time="2.854"/>
</testsuite> <!-- pageObject.ErrorScenarios -->
