<?xml version="1.0" encoding="UTF-8"?>
<!-- Generated by org.testng.reporters.JUnitReportReporter -->
<testsuite hostname="IBM-PF33EFGQ" failures="0" tests="1" name="pageObject.E2EOrderSubmission2" time="47.203" errors="0" timestamp="2024-05-18T01:51:57 IST" skipped="0">
  <testcase classname="pageObject.E2EOrderSubmission2" name="submitOrder" time="47.203"/>
</testsuite> <!-- pageObject.E2EOrderSubmission2 -->
