<?xml version="1.0" encoding="UTF-8"?>
<!-- Generated by org.testng.reporters.JUnitReportReporter -->
<testsuite hostname="IBM-PF33EFGQ" failures="0" tests="1" name="pageObject.E2EPaymentPage" time="45.758" errors="0" timestamp="2024-05-18T15:08:45 IST" skipped="0">
  <testcase classname="pageObject.E2EPaymentPage" name="submitOrder" time="45.758"/>
</testsuite> <!-- pageObject.E2EPaymentPage -->
