<?xml version="1.0" encoding="UTF-8"?>
<!-- Generated by org.testng.reporters.JUnitReportReporter -->
<testsuite hostname="IBM-PF33EFGQ" failures="0" tests="1" name="cucumberFeatures.TestNgTestRunner" time="48.021" errors="0" timestamp="2024-05-18T15:14:51 IST" skipped="0">
  <testcase classname="cucumberFeatures.TestNgTestRunner" name="runScenario" time="48.021"/>
</testsuite> <!-- cucumberFeatures.TestNgTestRunner -->
